<?xml version="1.0" encoding="UTF-8"?>
<robot generator="Robot 7.3.2 (Python 3.12.4 on win32)" generated="2025-10-20T16:20:14.194081" rpa="false" schemaversion="5">
<suite id="s1" name="Preenchimento Correto" source="C:\Users\guilherme.souza\Desktop\Cursos_Alura\cursoRobotFramework\organoTest\preenchimento_correto.robot">
<test id="s1-t1" name="Verificar se ao preencher corretamente o formulário os dados são inseridos corretamente na lista e se um novo card é criado no time escolhido" line="25">
<kw name="Dado que eu acesse o Organo" owner="setup_teardown" type="SETUP">
<kw name="Open Browser" owner="SeleniumLibrary">
<msg time="2025-10-20T16:20:14.450298" level="INFO">Opening browser 'Chrome' to base url 'http://localhost:3000/'.</msg>
<arg>url=http://localhost:3000/</arg>
<arg>browser=Chrome</arg>
<doc>Opens a new browser instance to the optional ``url``.</doc>
<status status="PASS" start="2025-10-20T16:20:14.450298" elapsed="1.993929"/>
</kw>
<status status="PASS" start="2025-10-20T16:20:14.449062" elapsed="1.995165"/>
</kw>
<kw name="Dado que eu preencha os campos do formulário">
<kw name="FakerLibrary.First Name">
<msg time="2025-10-20T16:20:16.446228" level="FAIL">No keyword with name 'FakerLibrary.First Name' found.</msg>
<var>${Nome}</var>
<status status="FAIL" start="2025-10-20T16:20:16.446228" elapsed="0.000000">No keyword with name 'FakerLibrary.First Name' found.</status>
</kw>
<kw name="Input Text" owner="SeleniumLibrary">
<arg>${CAMPO_NOME}</arg>
<arg>${Nome}</arg>
<doc>Types the given ``text`` into the text field identified by ``locator``.</doc>
<status status="NOT RUN" start="2025-10-20T16:20:16.447228" elapsed="0.000000"/>
</kw>
<kw name="FakerLibrary.Job">
<var>${Cargo}</var>
<status status="NOT RUN" start="2025-10-20T16:20:16.447228" elapsed="0.000000"/>
</kw>
<kw name="Input Text" owner="SeleniumLibrary">
<arg>${CAMPO_CARGO}</arg>
<arg>${Cargo}</arg>
<doc>Types the given ``text`` into the text field identified by ``locator``.</doc>
<status status="NOT RUN" start="2025-10-20T16:20:16.447228" elapsed="0.000000"/>
</kw>
<kw name="FakerLibrary.Image Url">
<var>${Imagem}</var>
<status status="NOT RUN" start="2025-10-20T16:20:16.447228" elapsed="0.000000"/>
</kw>
<kw name="Input Text" owner="SeleniumLibrary">
<arg>${CAMPO_IMAGEM}</arg>
<arg>${Imagem}</arg>
<doc>Types the given ``text`` into the text field identified by ``locator``.</doc>
<status status="NOT RUN" start="2025-10-20T16:20:16.447228" elapsed="0.000000"/>
</kw>
<kw name="Click Element" owner="SeleniumLibrary">
<arg>${CAMPO_TIME}</arg>
<doc>Click the element identified by ``locator``.</doc>
<status status="NOT RUN" start="2025-10-20T16:20:16.447228" elapsed="0.000000"/>
</kw>
<kw name="Click Element" owner="SeleniumLibrary">
<arg>${selecionar_time}[0]</arg>
<doc>Click the element identified by ``locator``.</doc>
<status status="NOT RUN" start="2025-10-20T16:20:16.448226" elapsed="0.000000"/>
</kw>
<status status="FAIL" start="2025-10-20T16:20:16.444227" elapsed="0.003999">No keyword with name 'FakerLibrary.First Name' found.</status>
</kw>
<kw name="E clique no botão &quot;Criar Card&quot;">
<status status="NOT RUN" start="2025-10-20T16:20:16.448226" elapsed="0.000000"/>
</kw>
<kw name="Então identificar o card no time esperado">
<status status="NOT RUN" start="2025-10-20T16:20:16.448226" elapsed="0.001000"/>
</kw>
<kw name="Fechar o navegador" owner="setup_teardown" type="TEARDOWN">
<kw name="Close Browser" owner="SeleniumLibrary">
<doc>Closes the current browser.</doc>
<status status="PASS" start="2025-10-20T16:20:16.449226" elapsed="2.191437"/>
</kw>
<status status="PASS" start="2025-10-20T16:20:16.449226" elapsed="2.191437"/>
</kw>
<status status="FAIL" start="2025-10-20T16:20:14.449062" elapsed="4.191601">No keyword with name 'FakerLibrary.First Name' found.</status>
</test>
<test id="s1-t2" name="Verificar se é possivel criar mais de um card se preenchermos os campos corretamente" line="30">
<kw name="Dado que eu acesse o Organo" owner="setup_teardown" type="SETUP">
<kw name="Open Browser" owner="SeleniumLibrary">
<msg time="2025-10-20T16:20:18.640663" level="INFO">Opening browser 'Chrome' to base url 'http://localhost:3000/'.</msg>
<arg>url=http://localhost:3000/</arg>
<arg>browser=Chrome</arg>
<doc>Opens a new browser instance to the optional ``url``.</doc>
<status status="PASS" start="2025-10-20T16:20:18.640663" elapsed="1.964321"/>
</kw>
<status status="PASS" start="2025-10-20T16:20:18.640663" elapsed="1.964321"/>
</kw>
<kw name="Dado que eu preencha os campos do formulário">
<kw name="FakerLibrary.First Name">
<msg time="2025-10-20T16:20:20.609407" level="FAIL">No keyword with name 'FakerLibrary.First Name' found.</msg>
<var>${Nome}</var>
<status status="FAIL" start="2025-10-20T16:20:20.609407" elapsed="0.000000">No keyword with name 'FakerLibrary.First Name' found.</status>
</kw>
<kw name="Input Text" owner="SeleniumLibrary">
<arg>${CAMPO_NOME}</arg>
<arg>${Nome}</arg>
<doc>Types the given ``text`` into the text field identified by ``locator``.</doc>
<status status="NOT RUN" start="2025-10-20T16:20:20.610424" elapsed="0.000000"/>
</kw>
<kw name="FakerLibrary.Job">
<var>${Cargo}</var>
<status status="NOT RUN" start="2025-10-20T16:20:20.610424" elapsed="0.000000"/>
</kw>
<kw name="Input Text" owner="SeleniumLibrary">
<arg>${CAMPO_CARGO}</arg>
<arg>${Cargo}</arg>
<doc>Types the given ``text`` into the text field identified by ``locator``.</doc>
<status status="NOT RUN" start="2025-10-20T16:20:20.610424" elapsed="0.000000"/>
</kw>
<kw name="FakerLibrary.Image Url">
<var>${Imagem}</var>
<status status="NOT RUN" start="2025-10-20T16:20:20.610424" elapsed="0.000000"/>
</kw>
<kw name="Input Text" owner="SeleniumLibrary">
<arg>${CAMPO_IMAGEM}</arg>
<arg>${Imagem}</arg>
<doc>Types the given ``text`` into the text field identified by ``locator``.</doc>
<status status="NOT RUN" start="2025-10-20T16:20:20.610424" elapsed="0.000000"/>
</kw>
<kw name="Click Element" owner="SeleniumLibrary">
<arg>${CAMPO_TIME}</arg>
<doc>Click the element identified by ``locator``.</doc>
<status status="NOT RUN" start="2025-10-20T16:20:20.610424" elapsed="0.000000"/>
</kw>
<kw name="Click Element" owner="SeleniumLibrary">
<arg>${selecionar_time}[0]</arg>
<doc>Click the element identified by ``locator``.</doc>
<status status="NOT RUN" start="2025-10-20T16:20:20.610424" elapsed="0.000000"/>
</kw>
<status status="FAIL" start="2025-10-20T16:20:20.604984" elapsed="0.005440">No keyword with name 'FakerLibrary.First Name' found.</status>
</kw>
<kw name="E clique no botão &quot;Criar Card&quot;">
<status status="NOT RUN" start="2025-10-20T16:20:20.611418" elapsed="0.000000"/>
</kw>
<kw name="Então identificar 3 cards no time esperado">
<status status="NOT RUN" start="2025-10-20T16:20:20.611418" elapsed="0.000000"/>
</kw>
<kw name="Fechar o navegador" owner="setup_teardown" type="TEARDOWN">
<kw name="Close Browser" owner="SeleniumLibrary">
<doc>Closes the current browser.</doc>
<status status="PASS" start="2025-10-20T16:20:20.612414" elapsed="2.186477"/>
</kw>
<status status="PASS" start="2025-10-20T16:20:20.611418" elapsed="2.187473"/>
</kw>
<status status="FAIL" start="2025-10-20T16:20:18.640663" elapsed="4.158228">No keyword with name 'FakerLibrary.First Name' found.</status>
</test>
<test id="s1-t3" name="Verificar se é possível criar um card para cada time se preenchermos os campos corretamente" line="35">
<kw name="Dado que eu acesse o Organo" owner="setup_teardown" type="SETUP">
<kw name="Open Browser" owner="SeleniumLibrary">
<msg time="2025-10-20T16:20:22.800938" level="INFO">Opening browser 'Chrome' to base url 'http://localhost:3000/'.</msg>
<arg>url=http://localhost:3000/</arg>
<arg>browser=Chrome</arg>
<doc>Opens a new browser instance to the optional ``url``.</doc>
<status status="PASS" start="2025-10-20T16:20:22.800938" elapsed="1.747482"/>
</kw>
<status status="PASS" start="2025-10-20T16:20:22.800938" elapsed="1.747482"/>
</kw>
<kw name="Dado que eu preencha os campos do formulário">
<kw name="FakerLibrary.First Name">
<msg time="2025-10-20T16:20:24.548420" level="FAIL">No keyword with name 'FakerLibrary.First Name' found.</msg>
<var>${Nome}</var>
<status status="FAIL" start="2025-10-20T16:20:24.548420" elapsed="0.000000">No keyword with name 'FakerLibrary.First Name' found.</status>
</kw>
<kw name="Input Text" owner="SeleniumLibrary">
<arg>${CAMPO_NOME}</arg>
<arg>${Nome}</arg>
<doc>Types the given ``text`` into the text field identified by ``locator``.</doc>
<status status="NOT RUN" start="2025-10-20T16:20:24.548420" elapsed="0.000000"/>
</kw>
<kw name="FakerLibrary.Job">
<var>${Cargo}</var>
<status status="NOT RUN" start="2025-10-20T16:20:24.548420" elapsed="0.000000"/>
</kw>
<kw name="Input Text" owner="SeleniumLibrary">
<arg>${CAMPO_CARGO}</arg>
<arg>${Cargo}</arg>
<doc>Types the given ``text`` into the text field identified by ``locator``.</doc>
<status status="NOT RUN" start="2025-10-20T16:20:24.548420" elapsed="0.000000"/>
</kw>
<kw name="FakerLibrary.Image Url">
<var>${Imagem}</var>
<status status="NOT RUN" start="2025-10-20T16:20:24.548420" elapsed="0.000000"/>
</kw>
<kw name="Input Text" owner="SeleniumLibrary">
<arg>${CAMPO_IMAGEM}</arg>
<arg>${Imagem}</arg>
<doc>Types the given ``text`` into the text field identified by ``locator``.</doc>
<status status="NOT RUN" start="2025-10-20T16:20:24.548420" elapsed="0.000000"/>
</kw>
<kw name="Click Element" owner="SeleniumLibrary">
<arg>${CAMPO_TIME}</arg>
<doc>Click the element identified by ``locator``.</doc>
<status status="NOT RUN" start="2025-10-20T16:20:24.548420" elapsed="0.000000"/>
</kw>
<kw name="Click Element" owner="SeleniumLibrary">
<arg>${selecionar_time}[0]</arg>
<doc>Click the element identified by ``locator``.</doc>
<status status="NOT RUN" start="2025-10-20T16:20:24.548420" elapsed="0.000000"/>
</kw>
<status status="FAIL" start="2025-10-20T16:20:24.548420" elapsed="0.000000">No keyword with name 'FakerLibrary.First Name' found.</status>
</kw>
<kw name="Então criar card e identificar 1 card em cada time disponível">
<status status="NOT RUN" start="2025-10-20T16:20:24.555549" elapsed="0.000000"/>
</kw>
<kw name="Fechar o navegador" owner="setup_teardown" type="TEARDOWN">
<kw name="Close Browser" owner="SeleniumLibrary">
<doc>Closes the current browser.</doc>
<status status="PASS" start="2025-10-20T16:20:24.556560" elapsed="2.186170"/>
</kw>
<status status="PASS" start="2025-10-20T16:20:24.555549" elapsed="2.187181"/>
</kw>
<status status="FAIL" start="2025-10-20T16:20:22.799911" elapsed="3.944133">No keyword with name 'FakerLibrary.First Name' found.</status>
</test>
<status status="FAIL" start="2025-10-20T16:20:14.196079" elapsed="12.550863"/>
</suite>
<statistics>
<total>
<stat pass="0" fail="3" skip="0">All Tests</stat>
</total>
<tag>
</tag>
<suite>
<stat name="Preenchimento Correto" id="s1" pass="0" fail="3" skip="0">Preenchimento Correto</stat>
</suite>
</statistics>
<errors>
<msg time="2025-10-20T16:20:14.446067" level="ERROR">Error in file 'C:\Users\guilherme.souza\Desktop\Cursos_Alura\cursoRobotFramework\organoTest\preenchimento_correto.robot' on line 3: Importing library 'FakerLibrary' failed: ModuleNotFoundError: No module named 'FakerLibrary'
Traceback (most recent call last):
  None
PYTHONPATH:
  C:\Python312\Scripts\robot.exe
  C:\Python312\python312.zip
  C:\Python312\DLLs
  C:\Python312\Lib
  C:\Python312
  C:\Python312\Lib\site-packages</msg>
</errors>
</robot>
